c:\users\adrianzsombor\desktop\pv dsr code\farmstrayvoltage\farmstrayvoltage\debug\vc141.pdb
c:\users\adrianzsombor\desktop\pv dsr code\farmstrayvoltage\farmstrayvoltage\debug\.netframework,version=v4.0.assemblyattributes.obj
c:\users\adrianzsombor\desktop\pv dsr code\farmstrayvoltage\farmstrayvoltage\debug\.netframework,version=v4.0.assemblyattributes.asm
c:\users\adrianzsombor\desktop\pv dsr code\farmstrayvoltage\farmstrayvoltage\debug\stray voltage report writer.pch
c:\users\adrianzsombor\desktop\pv dsr code\farmstrayvoltage\farmstrayvoltage\debug\stdafx.obj
c:\users\adrianzsombor\desktop\pv dsr code\farmstrayvoltage\farmstrayvoltage\debug\voltgraph.obj
c:\users\adrianzsombor\desktop\pv dsr code\farmstrayvoltage\farmstrayvoltage\debug\tablet.obj
c:\users\adrianzsombor\desktop\pv dsr code\farmstrayvoltage\farmstrayvoltage\debug\scrsplash.obj
c:\users\adrianzsombor\desktop\pv dsr code\farmstrayvoltage\farmstrayvoltage\debug\instructions.obj
c:\users\adrianzsombor\desktop\pv dsr code\farmstrayvoltage\farmstrayvoltage\debug\infobox.obj
c:\users\adrianzsombor\desktop\pv dsr code\farmstrayvoltage\farmstrayvoltage\debug\farmstrayvoltage.obj
c:\users\adrianzsombor\desktop\pv dsr code\farmstrayvoltage\farmstrayvoltage\debug\assemblyinfo.obj
c:\users\adrianzsombor\desktop\pv dsr code\farmstrayvoltage\farmstrayvoltage\debug\about.obj
c:\users\adrianzsombor\desktop\pv dsr code\farmstrayvoltage\farmstrayvoltage\debug\stray voltage report writer.exe.licenses
c:\users\adrianzsombor\desktop\pv dsr code\farmstrayvoltage\debug\stray voltage report writer.exe
c:\users\adrianzsombor\desktop\pv dsr code\farmstrayvoltage\debug\stray voltage report writer.pdb
c:\users\adrianzsombor\desktop\pv dsr code\farmstrayvoltage\farmstrayvoltage\debug\stray vo.5bf09256.tlog\metagen.write.1.tlog
c:\users\adrianzsombor\desktop\pv dsr code\farmstrayvoltage\farmstrayvoltage\debug\app.res
c:\users\adrianzsombor\desktop\pv dsr code\farmstrayvoltage\debug\gigasoft.proessentials.dll
c:\users\adrianzsombor\desktop\pv dsr code\farmstrayvoltage\farmstrayvoltage\debug\farmstrayvoltage.insidebarn.resources
c:\users\adrianzsombor\desktop\pv dsr code\farmstrayvoltage\farmstrayvoltage\debug\farmstrayvoltage.sgsdhsdhsdh.resources
c:\users\adrianzsombor\desktop\pv dsr code\farmstrayvoltage\farmstrayvoltage\debug\farmstrayvoltage.tabletform.resources
c:\users\adrianzsombor\desktop\pv dsr code\farmstrayvoltage\farmstrayvoltage\debug\farmstrayvoltage.about.resources
c:\users\adrianzsombor\desktop\pv dsr code\farmstrayvoltage\farmstrayvoltage\debug\farmstrayvoltage.form1.resources
c:\users\adrianzsombor\desktop\pv dsr code\farmstrayvoltage\farmstrayvoltage\debug\farmstrayvoltage.infobox.resources
c:\users\adrianzsombor\desktop\pv dsr code\farmstrayvoltage\farmstrayvoltage\debug\farmstrayvoltage.instructions.resources
c:\users\adrianzsombor\desktop\pv dsr code\farmstrayvoltage\farmstrayvoltage\debug\farmstrayvoltage.scrsplash.resources
c:\users\adrianzsombor\desktop\pv dsr code\farmstrayvoltage\farmstrayvoltage\debug\farmstrayvoltage.tablet.resources
c:\users\adrianzsombor\desktop\pv dsr code\farmstrayvoltage\farmstrayvoltage\debug\farmstrayvoltage.voltgraph.resources
c:\users\adrianzsombor\desktop\pv dsr code\farmstrayvoltage\farmstrayvoltage\farm.h
c:\users\adrianzsombor\desktop\pv dsr code\farmstrayvoltage\farmstrayvoltage\debug\farmstrayvoltage.vcxproj.generateresource.cache
c:\users\adrianzsombor\desktop\pv dsr code\farmstrayvoltage\farmstrayvoltage\debug\farmstrayvoltage.vcxprojassemblyreference.cache
c:\users\adrianzsombor\desktop\pv dsr code\farmstrayvoltage\farmstrayvoltage\debug\stray vo.5bf09256.tlog\cl.command.1.tlog
c:\users\adrianzsombor\desktop\pv dsr code\farmstrayvoltage\farmstrayvoltage\debug\stray vo.5bf09256.tlog\cl.read.1.tlog
c:\users\adrianzsombor\desktop\pv dsr code\farmstrayvoltage\farmstrayvoltage\debug\stray vo.5bf09256.tlog\cl.write.1.tlog
c:\users\adrianzsombor\desktop\pv dsr code\farmstrayvoltage\farmstrayvoltage\debug\stray vo.5bf09256.tlog\licxcompiler.read.1u.tlog
c:\users\adrianzsombor\desktop\pv dsr code\farmstrayvoltage\farmstrayvoltage\debug\stray vo.5bf09256.tlog\licxcompiler.write.1u.tlog
c:\users\adrianzsombor\desktop\pv dsr code\farmstrayvoltage\farmstrayvoltage\debug\stray vo.5bf09256.tlog\link.command.1.tlog
c:\users\adrianzsombor\desktop\pv dsr code\farmstrayvoltage\farmstrayvoltage\debug\stray vo.5bf09256.tlog\link.read.1.tlog
c:\users\adrianzsombor\desktop\pv dsr code\farmstrayvoltage\farmstrayvoltage\debug\stray vo.5bf09256.tlog\link.write.1.tlog
c:\users\adrianzsombor\desktop\pv dsr code\farmstrayvoltage\farmstrayvoltage\debug\stray vo.5bf09256.tlog\metagen.read.1.tlog
c:\users\adrianzsombor\desktop\pv dsr code\farmstrayvoltage\farmstrayvoltage\debug\stray vo.5bf09256.tlog\rc.command.1.tlog
c:\users\adrianzsombor\desktop\pv dsr code\farmstrayvoltage\farmstrayvoltage\debug\stray vo.5bf09256.tlog\rc.read.1.tlog
c:\users\adrianzsombor\desktop\pv dsr code\farmstrayvoltage\farmstrayvoltage\debug\stray vo.5bf09256.tlog\rc.write.1.tlog
c:\users\adrianzsombor\desktop\pv dsr code\farmstrayvoltage\farmstrayvoltage\debug\stray vo.5bf09256.tlog\stray voltage report writer.write.1u.tlog
c:\users\adrianzsombor\desktop\pv dsr code\farmstrayvoltage\farmstrayvoltage\debug\stray vo.5bf09256.tlog\xsd.command.1.tlog
c:\users\adrianzsombor\desktop\pv dsr code\farmstrayvoltage\farmstrayvoltage\debug\stray vo.5bf09256.tlog\xsd.read.1.tlog
c:\users\adrianzsombor\desktop\pv dsr code\farmstrayvoltage\farmstrayvoltage\debug\stray vo.5bf09256.tlog\xsd.write.1.tlog
c:\users\adrianzsombor\desktop\pv dsr code\farmstrayvoltage\farmstrayvoltage\debug\stray vo.5bf09256.tlog\gigasoft.proessentials.dll.metagen
c:\users\adrianzsombor\desktop\pv dsr code\farmstrayvoltage\farmstrayvoltage\debug\stray vo.5bf09256.tlog\insidebarn2.exe.metagen
